# JRE version: OpenJDK Runtime Environment (8.0_242-b01) (build 1.8.0_242-release-1644-b01)
# Java VM: OpenJDK 64-Bit Server VM (25.242-b01 mixed mode windows-amd64 compressed oops)
Heap:
 PSYoungGen      total 364032K, used 25843K [0x00000000d5580000, 0x00000000ee780000, 0x0000000100000000)
  eden space 322560K, 0% used [0x00000000d5580000,0x00000000d5580000,0x00000000e9080000)
  from space 41472K, 62% used [0x00000000eba00000,0x00000000ed33cc70,0x00000000ee280000)
  to   space 42496K, 0% used [0x00000000e9080000,0x00000000e9080000,0x00000000eba00000)
 ParOldGen       total 128000K, used 58810K [0x0000000080000000, 0x0000000087d00000, 0x00000000d5580000)
  object space 128000K, 45% used [0x0000000080000000,0x000000008396ebb8,0x0000000087d00000)
 Metaspace       used 93529K, capacity 98252K, committed 98380K, reserved 1134592K
  class space    used 12404K, capacity 13387K, committed 13440K, reserved 1048576K
GC Heap History (10 events):
Event: 12.263 GC heap after
Heap after GC invocations=13 (full 3):
 PSYoungGen      total 243200K, used 0K [0x00000000d5580000, 0x00000000e6900000, 0x0000000100000000)
  eden space 221184K, 0% used [0x00000000d5580000,0x00000000d5580000,0x00000000e2d80000)
  from space 22016K, 0% used [0x00000000e4400000,0x00000000e4400000,0x00000000e5980000)
  to   space 23040K, 0% used [0x00000000e2d80000,0x00000000e2d80000,0x00000000e4400000)
 ParOldGen       total 128000K, used 30159K [0x0000000080000000, 0x0000000087d00000, 0x00000000d5580000)
  object space 128000K, 23% used [0x0000000080000000,0x0000000081d73d60,0x0000000087d00000)
 Metaspace       used 56550K, capacity 58756K, committed 59028K, reserved 1099776K
  class space    used 7402K, capacity 7858K, committed 7936K, reserved 1048576K
}
Event: 17.330 GC heap before
{Heap before GC invocations=14 (full 3):
 PSYoungGen      total 243200K, used 221184K [0x00000000d5580000, 0x00000000e6900000, 0x0000000100000000)
  eden space 221184K, 100% used [0x00000000d5580000,0x00000000e2d80000,0x00000000e2d80000)
  from space 22016K, 0% used [0x00000000e4400000,0x00000000e4400000,0x00000000e5980000)
  to   space 23040K, 0% used [0x00000000e2d80000,0x00000000e2d80000,0x00000000e4400000)
 ParOldGen       total 128000K, used 30159K [0x0000000080000000, 0x0000000087d00000, 0x00000000d5580000)
  object space 128000K, 23% used [0x0000000080000000,0x0000000081d73d60,0x0000000087d00000)
 Metaspace       used 68919K, capacity 71706K, committed 71768K, reserved 1112064K
  class space    used 9298K, capacity 9827K, committed 9856K, reserved 1048576K
Event: 17.405 GC heap after
Heap after GC invocations=14 (full 3):
 PSYoungGen      total 244224K, used 21647K [0x00000000d5580000, 0x00000000e9780000, 0x0000000100000000)
  eden space 221184K, 0% used [0x00000000d5580000,0x00000000d5580000,0x00000000e2d80000)
  from space 23040K, 93% used [0x00000000e2d80000,0x00000000e42a3e30,0x00000000e4400000)
  to   space 26112K, 0% used [0x00000000e7e00000,0x00000000e7e00000,0x00000000e9780000)
 ParOldGen       total 128000K, used 30167K [0x0000000080000000, 0x0000000087d00000, 0x00000000d5580000)
  object space 128000K, 23% used [0x0000000080000000,0x0000000081d75d60,0x0000000087d00000)
 Metaspace       used 68919K, capacity 71706K, committed 71768K, reserved 1112064K
  class space    used 9298K, capacity 9827K, committed 9856K, reserved 1048576K
}
Event: 21.487 GC heap before
{Heap before GC invocations=15 (full 3):
 PSYoungGen      total 244224K, used 242831K [0x00000000d5580000, 0x00000000e9780000, 0x0000000100000000)
  eden space 221184K, 100% used [0x00000000d5580000,0x00000000e2d80000,0x00000000e2d80000)
  from space 23040K, 93% used [0x00000000e2d80000,0x00000000e42a3e30,0x00000000e4400000)
  to   space 26112K, 0% used [0x00000000e7e00000,0x00000000e7e00000,0x00000000e9780000)
 ParOldGen       total 128000K, used 30167K [0x0000000080000000, 0x0000000087d00000, 0x00000000d5580000)
  object space 128000K, 23% used [0x0000000080000000,0x0000000081d75d60,0x0000000087d00000)
 Metaspace       used 80119K, capacity 83664K, committed 83928K, reserved 1122304K
  class space    used 10794K, capacity 11485K, committed 11520K, reserved 1048576K
Event: 21.516 GC heap after
Heap after GC invocations=15 (full 3):
 PSYoungGen      total 297472K, used 26085K [0x00000000d5580000, 0x00000000e9e80000, 0x0000000100000000)
  eden space 271360K, 0% used [0x00000000d5580000,0x00000000d5580000,0x00000000e5e80000)
  from space 26112K, 99% used [0x00000000e7e00000,0x00000000e97795d0,0x00000000e9780000)
  to   space 32256K, 0% used [0x00000000e5e80000,0x00000000e5e80000,0x00000000e7e00000)
 ParOldGen       total 128000K, used 36080K [0x0000000080000000, 0x0000000087d00000, 0x00000000d5580000)
  object space 128000K, 28% used [0x0000000080000000,0x000000008233c2c8,0x0000000087d00000)
 Metaspace       used 80119K, capacity 83664K, committed 83928K, reserved 1122304K
  class space    used 10794K, capacity 11485K, committed 11520K, reserved 1048576K
}
Event: 181.374 GC heap before
{Heap before GC invocations=16 (full 3):
 PSYoungGen      total 297472K, used 297445K [0x00000000d5580000, 0x00000000e9e80000, 0x0000000100000000)
  eden space 271360K, 100% used [0x00000000d5580000,0x00000000e5e80000,0x00000000e5e80000)
  from space 26112K, 99% used [0x00000000e7e00000,0x00000000e97795d0,0x00000000e9780000)
  to   space 32256K, 0% used [0x00000000e5e80000,0x00000000e5e80000,0x00000000e7e00000)
 ParOldGen       total 128000K, used 36080K [0x0000000080000000, 0x0000000087d00000, 0x00000000d5580000)
  object space 128000K, 28% used [0x0000000080000000,0x000000008233c2c8,0x0000000087d00000)
 Metaspace       used 91233K, capacity 95906K, committed 95960K, reserved 1132544K
  class space    used 12101K, capacity 13044K, committed 13056K, reserved 1048576K
Event: 181.440 GC heap after
Heap after GC invocations=16 (full 3):
 PSYoungGen      total 303616K, used 32224K [0x00000000d5580000, 0x00000000ee280000, 0x0000000100000000)
  eden space 271360K, 0% used [0x00000000d5580000,0x00000000d5580000,0x00000000e5e80000)
  from space 32256K, 99% used [0x00000000e5e80000,0x00000000e7df83e0,0x00000000e7e00000)
  to   space 41472K, 0% used [0x00000000eba00000,0x00000000eba00000,0x00000000ee280000)
 ParOldGen       total 128000K, used 47819K [0x0000000080000000, 0x0000000087d00000, 0x00000000d5580000)
  object space 128000K, 37% used [0x0000000080000000,0x0000000082eb2d10,0x0000000087d00000)
 Metaspace       used 91233K, capacity 95906K, committed 95960K, reserved 1132544K
  class space    used 12101K, capacity 13044K, committed 13056K, reserved 1048576K
}
Event: 184.015 GC heap before
{Heap before GC invocations=17 (full 3):
 PSYoungGen      total 303616K, used 96573K [0x00000000d5580000, 0x00000000ee280000, 0x0000000100000000)
  eden space 271360K, 23% used [0x00000000d5580000,0x00000000d94573e0,0x00000000e5e80000)
  from space 32256K, 99% used [0x00000000e5e80000,0x00000000e7df83e0,0x00000000e7e00000)
  to   space 41472K, 0% used [0x00000000eba00000,0x00000000eba00000,0x00000000ee280000)
 ParOldGen       total 128000K, used 47819K [0x0000000080000000, 0x0000000087d00000, 0x00000000d5580000)
  object space 128000K, 37% used [0x0000000080000000,0x0000000082eb2d10,0x0000000087d00000)
 Metaspace       used 93529K, capacity 98252K, committed 98380K, reserved 1134592K
  class space    used 12404K, capacity 13387K, committed 13440K, reserved 1048576K
Event: 184.055 GC heap after
Heap after GC invocations=17 (full 3):
 PSYoungGen      total 364032K, used 25843K [0x00000000d5580000, 0x00000000ee780000, 0x0000000100000000)
  eden space 322560K, 0% used [0x00000000d5580000,0x00000000d5580000,0x00000000e9080000)
  from space 41472K, 62% used [0x00000000eba00000,0x00000000ed33cc70,0x00000000ee280000)
  to   space 42496K, 0% used [0x00000000e9080000,0x00000000e9080000,0x00000000eba00000)
 ParOldGen       total 128000K, used 58810K [0x0000000080000000, 0x0000000087d00000, 0x00000000d5580000)
  object space 128000K, 45% used [0x0000000080000000,0x000000008396ebb8,0x0000000087d00000)
 Metaspace       used 93529K, capacity 98252K, committed 98380K, reserved 1134592K
  class space    used 12404K, capacity 13387K, committed 13440K, reserved 1048576K
}
Event: 184.055 GC heap before
{Heap before GC invocations=18 (full 4):
 PSYoungGen      total 364032K, used 25843K [0x00000000d5580000, 0x00000000ee780000, 0x0000000100000000)
  eden space 322560K, 0% used [0x00000000d5580000,0x00000000d5580000,0x00000000e9080000)
  from space 41472K, 62% used [0x00000000eba00000,0x00000000ed33cc70,0x00000000ee280000)
  to   space 42496K, 0% used [0x00000000e9080000,0x00000000e9080000,0x00000000eba00000)
 ParOldGen       total 128000K, used 58810K [0x0000000080000000, 0x0000000087d00000, 0x00000000d5580000)
  object space 128000K, 45% used [0x0000000080000000,0x000000008396ebb8,0x0000000087d00000)
 Metaspace       used 93529K, capacity 98252K, committed 98380K, reserved 1134592K
  class space    used 12404K, capacity 13387K, committed 13440K, reserved 1048576K

